<?xml version="1.0" encoding="UTF-8"?>
<testsuite name="uk.gov.bis.grants.accceptanceTest.BasicSmokeTest" tests="0" skipped="0" failures="0" errors="0" timestamp="1970-01-01T00:00:00" hostname="LT03379" time="0.0">
  <properties/>
  <system-out><![CDATA[
3 Scenarios (?[33m2 pending?[0m, ?[32m1 passed?[0m)
18 Steps (?[36m10 skipped?[0m, ?[33m2 pending?[0m, ?[32m6 passed?[0m)
0m10.939s

cucumber.api.PendingException: TODO: implement me
	at uk.gov.bis.grants.stepdefs.WhenSteps.i_login_with_test_test(WhenSteps.java:46)
	at ?.And I login with test test(end2endApplicationSetup.feature:16)

cucumber.api.PendingException: TODO: implement me
	at uk.gov.bis.grants.stepdefs.WhenSteps.i_login_with_test_test(WhenSteps.java:52)
	at ?.And I login with test1 test1(end2endApplicationSetup.feature:16)

]]></system-out>
  <system-err><![CDATA[]]></system-err>
</testsuite>
