<!DOCTYPE html>
<html>
<head>
<meta http-equiv="Content-Type" content="text/html; charset=utf-8"/>
<meta http-equiv="x-ua-compatible" content="IE=edge"/>
<title>Test results - Class uk.gov.bis.grants.accceptanceTest.BasicSmokeTest</title>
<link href="../css/base-style.css" rel="stylesheet" type="text/css"/>
<link href="../css/style.css" rel="stylesheet" type="text/css"/>
<script src="../js/report.js" type="text/javascript"></script>
</head>
<body>
<div id="content">
<h1>Class uk.gov.bis.grants.accceptanceTest.BasicSmokeTest</h1>
<div class="breadcrumbs">
<a href="../index.html">all</a> &gt; 
<a href="../packages/uk.gov.bis.grants.accceptanceTest.html">uk.gov.bis.grants.accceptanceTest</a> &gt; BasicSmokeTest</div>
<div id="summary">
<table>
<tr>
<td>
<div class="summaryGroup">
<table>
<tr>
<td>
<div class="infoBox" id="tests">
<div class="counter">0</div>
<p>tests</p>
</div>
</td>
<td>
<div class="infoBox" id="failures">
<div class="counter">0</div>
<p>failures</p>
</div>
</td>
<td>
<div class="infoBox" id="ignored">
<div class="counter">0</div>
<p>ignored</p>
</div>
</td>
<td>
<div class="infoBox" id="duration">
<div class="counter">-</div>
<p>duration</p>
</div>
</td>
</tr>
</table>
</div>
</td>
<td>
<div class="infoBox success" id="successRate">
<div class="percent">-</div>
<p>successful</p>
</div>
</td>
</tr>
</table>
</div>
<div id="tabs">
<ul class="tabLinks">
<li>
<a href="#tab0">Tests</a>
</li>
<li>
<a href="#tab1">Standard output</a>
</li>
</ul>
<div id="tab0" class="tab">
<h2>Tests</h2>
<table>
<thead>
<tr>
<th>Test</th>
<th>Duration</th>
<th>Result</th>
</tr>
</thead>
</table>
</div>
<div id="tab1" class="tab">
<h2>Standard output</h2>
<span class="code">
<pre>
3 Scenarios (?[33m2 pending?[0m, ?[32m1 passed?[0m)
18 Steps (?[36m10 skipped?[0m, ?[33m2 pending?[0m, ?[32m6 passed?[0m)
0m10.939s

cucumber.api.PendingException: TODO: implement me
	at uk.gov.bis.grants.stepdefs.WhenSteps.i_login_with_test_test(WhenSteps.java:46)
	at ?.And I login with test test(end2endApplicationSetup.feature:16)

cucumber.api.PendingException: TODO: implement me
	at uk.gov.bis.grants.stepdefs.WhenSteps.i_login_with_test_test(WhenSteps.java:52)
	at ?.And I login with test1 test1(end2endApplicationSetup.feature:16)

</pre>
</span>
</div>
</div>
<div id="footer">
<p>
<div>
<label class="hidden" id="label-for-line-wrapping-toggle" for="line-wrapping-toggle">Wrap lines
<input id="line-wrapping-toggle" type="checkbox" autocomplete="off"/>
</label>
</div>Generated by 
<a href="http://www.gradle.org">Gradle 2.12</a> at 25-May-2016 10:21:30</p>
</div>
</div>
</body>
</html>
